<?xml version="1.0" encoding="UTF-8"?>
<!-- Generated by org.testng.reporters.JUnitReportReporter -->
<testsuite hostname="SomaSekhar-PC" name="testclasses.TsTest" tests="5" failures="0" timestamp="20 Dec 2017 10:42:07 GMT" time="5.138" errors="0">
  <testcase name="TsScreen5Test" time="1.312" classname="testclasses.TsTest"/>
  <testcase name="TsScreen4Test" time="1.787" classname="testclasses.TsTest"/>
  <testcase name="TsScreennTest" time="0.208" classname="testclasses.TsTest"/>
  <testcase name="TsScreen1Test" time="0.425" classname="testclasses.TsTest"/>
  <testcase name="TsScreen2Test" time="1.406" classname="testclasses.TsTest"/>
</testsuite> <!-- testclasses.TsTest -->
